21:27:39 **** Incremental Build of configuration Debug for project Ex6 ****
Info: Internal Builder is used for build
gcc -O0 -g3 -Wall -c -fmessage-length=0 -o "src\\Ex6.o" "..\\src\\Ex6.c" 
..\src\Ex6.c:14: warning: "SIZE" redefined
   14 | #define SIZE 8
      | 
..\src\Ex6.c:13: note: this is the location of the previous definition
   13 | #define SIZE  5
      | 
..\src\Ex6.c: In function 'main':
..\src\Ex6.c:27:27: warning: format '%d' expects argument of type 'int', but argument 2 has type 'long long unsigned int' [-Wformat=]
   27 |  printf("size of struct =%d",sizeof(s));
      |                          ~^  ~~~~~~~~~
      |                           |  |
      |                           |  long long unsigned int
      |                           int
      |                          %I64d
..\src\Ex6.c:27:27: warning: format '%d' expects argument of type 'int', but argument 2 has type 'long long unsigned int' [-Wformat=]
   27 |  printf("size of struct =%d",sizeof(s));
      |                          ~^  ~~~~~~~~~
      |                           |  |
      |                           |  long long unsigned int
      |                           int
      |                          %I64d
gcc -o Ex6.exe "src\\Ex6.o" 
Info: Nothing to build for Ex6
